20191231_09_26 - BEGIN JOB:
-----------------------------------------------------------------------------

-----------------------------------------------------------------------------
#######################
## variables
#######################
PROJECT_DIR=/Users/boscp08/Projects/scratch/virtual-insanity
GIT_USER=BoschPeter
GIT_REPO=AZ_ACI_waardepapieren-demo_westeurope_azurecontainer_io
GITHUB_DIR=/Users/boscp08/Projects/scratch/virtual-insanity/AZ_ACI_waardepapieren-demo_westeurope_azurecontainer_io
DOCKER_USER=boscp08
COMPOSE_BUILD_FLAG= --build
MOCK_NLX_IMAGE=waardepapieren_mock-nlx
SERVICE_IMAGE=waardepapieren_waardepapieren-service
CLERK_FRONTEND_IMAGE=waardepapieren_clerk-frontend
DOCKERHUB_MOCK_NLX_IMAGE=waardepapieren-mock-nlx
DOCKERHUB_SERVICE_IMAGE=waardepapieren-waardepapieren-service
DOCKERHUB_CLERK_FRONTEND_IMAGE=waardepapieren-clerk-frontend
DOCKER_VERSION_TAG=4.0
AZ_RESOURCE_GROUP=Discipl_Wigo4it_DockerGroup4
AZ_DNSNAMELABEL=discipl
TARGET_HOST=azure_container_instance
AZ_TLD=azurecontainer.io
TIMEZONE=
CERT_HOST_IP=discipl.westeurope.azurecontainer.io
CERT_HOST_IP_WP_SERVICE_HOSTNAME=discipl.westeurope.azurecontainer.io
#######################
## variables
#######################
| 20191231_09_26 | docker-compose-travis.yml|
| 20191231_09_26 | /Users/boscp08/Projects/scratch/virtual-insanity/AZ_ACI_waardepapieren-demo_westeurope_azurecontainer_io |
<code>
version: '3'
services:
  waardepapieren-service:
    volumes:
      #- ./waardepapieren-service/system-test/certs:/certs:rw
      #- ./waardepapieren-service/system-test/ephemeral-certs:/ephemeral-certs:rw
      - ./waardepapieren-service/configuration/:/app/configuration2:rw  #FAKE
    build: waardepapieren-service/.
    links:
      - mock-nlx
    ports:
      - 3232:3232
      - 3233:3233
    environment:
      - WAARDEPAPIEREN_CONFIG=/app/configuration/waardepapieren-config-compose-travis.json
      # Ignore self-signed ephemeral cert issues
      - NODE_TLS_REJECT_UNAUTHORIZED=0
  clerk-frontend:
    build:
      context: clerk-frontend/
      args:
        - CERTIFICATE_HOST=http://discipl.westeurope.azurecontainer.io:8880
    links:
      - waardepapieren-service
    ports:
      - 443:443
      - 8880:8880
    healthcheck:
      test: service nginx status
  #  volumes:
  #    - ./clerk-frontend/nginx/certs:/etc/nginx/certs:rw
  mock-nlx:
    build: mock-nlx/
    ports:
      - 80:80
20191231_09_26 - END JOB :
-----------------------------------------------------------------------------

-----------------------------------------------------------------------------
| 20191231_09_26 | Dockerfile|
| 20191231_09_26 | /Users/boscp08/Projects/scratch/virtual-insanity/AZ_ACI_waardepapieren-demo_westeurope_azurecontainer_io/clerk-frontend |
<code>
FROM node:10
RUN mkdir /app
ADD package.json package-lock.json /app/
ENV REACT_APP_EPHEMERAL_ENDPOINT=https://discipl.westeurope.azurecontainer.io:443/api/eph
ENV REACT_APP_EPHEMERAL_WEBSOCKET_ENDPOINT=wss://discipl.westeurope.azurecontainer.io:443/api/eph-ws
WORKDIR /app
RUN npm install --unsafe-perm
ADD public /app/public
ADD src /app/src
ARG CERTIFICATE_HOST
ENV REACT_APP_CERTIFICATE_HOST=http://discipl.westeurope.azurecontainer.io:8880
ENV TZ=Europe/Amsterdam
RUN npm run build

FROM nginx:1.15.8
ADD nginx/nginx.conf /etc/nginx/nginx.conf
COPY --from=0 /app/build /usr/share/nginx/html
#  volumes:
#    - ./clerk-frontend/nginx/certs:/etc/nginx/certs:rw
RUN mkdir /etc/nginx/certs
RUN apt-get update 
RUN apt-get install -y iputils-ping
RUN apt-get install -y net-tools

ADD nginx/certs/org.crt /etc/nginx/certs/org.crt
ADD nginx/certs/org.key /etc/nginx/certs/org.key
20191231_09_26 - END JOB :
-----------------------------------------------------------------------------

-----------------------------------------------------------------------------
| 20191231_09_26 | Dockerfile|
| 20191231_09_26 | /Users/boscp08/Projects/scratch/virtual-insanity/AZ_ACI_waardepapieren-demo_westeurope_azurecontainer_io/waardepapieren-service |
<code>
FROM node:10
RUN mkdir /app
ADD .babelrc package.json package-lock.json /app/
ADD src/* app/src/
ADD configuration/* app/configuration/
#- ./waardepapieren-service/system-test/certs:/certs:ro
RUN mkdir /certs
ADD system-test/certs/org.crt /certs/org.crt
ADD system-test/certs/org.key /certs/org.key
#- ./waardepapieren-service/system-test/ephemeral-certs:/ephemeral-certs:ro
RUN mkdir /ephemeral-certs
ADD system-test/ephemeral-certs/org.crt /ephemeral-certs/
ADD system-test/ephemeral-certs/org.key /ephemeral-certs/
#- ./waardepapieren-service/configuration/:/app/configuration:ro

WORKDIR /app
RUN mkdir /configuration
ADD configuration/waardepapieren-config-compose.json /app/configuration
ADD configuration/waardepapieren-config-compose-travis.json /app/configuration
ADD configuration/waardepapieren-config.json /app/configuration
ENV WAARDEPAPIEREN_CONFIG /app/configuration/waardepapieren-config.json
ENV TZ=Europe/Amsterdam
RUN apt-get update 
RUN apt-get install -y iputils-ping
RUN apt-get install -y net-tools

RUN npm install --production
CMD npm start
20191231_09_26 - END JOB :
-----------------------------------------------------------------------------

-----------------------------------------------------------------------------
| 20191231_09_26 | Dockerfile|
| 20191231_09_26 | /Users/boscp08/Projects/scratch/virtual-insanity/AZ_ACI_waardepapieren-demo_westeurope_azurecontainer_io/mock-nlx |
<code>
FROM node:10
RUN mkdir /app
ADD index.js package.json package-lock.json /app/
WORKDIR /app

RUN npm install --production
20191231_09_26 - END JOB :
-----------------------------------------------------------------------------

-----------------------------------------------------------------------------
| 20191231_09_26 | nginx.conf|
| 20191231_09_26 | /Users/boscp08/Projects/scratch/virtual-insanity/AZ_ACI_waardepapieren-demo_westeurope_azurecontainer_io/clerk-frontend/nginx |
<code>
events {
    worker_connections  1024;
}

http {

    map $http_upgrade $connection_upgrade {
        default upgrade;
        '' close;
    }

    # Http server to obtain NLX certificate
    server {
        listen 8880;

        location / {
           root /usr/share/nginx/html;
           include /etc/nginx/mime.types;
        }
    }

    server {
        listen 443 ssl;

        ssl_certificate /etc/nginx/certs/org.crt;
        ssl_certificate_key /etc/nginx/certs/org.key;

        location /api/eph/ {
               proxy_pass https://discipl.westeurope.azurecontainer.io:3232/;    #pdf effect
           #     proxy_pass https://waardepapieren-service:3232/;
            #     proxy_pass https://172.19.0.3:3232/;
        }

        location /api/eph-ws {
           
              proxy_pass https://discipl.westeurope.azurecontainer.io:3232;   # pdf effect
             #  proxy_pass https://waardepapieren-service:3232;
            #  proxy_pass https://172.19.0.3:3232;
            proxy_http_version 1.1;
            proxy_set_header Upgrade $http_upgrade;
            proxy_set_header Connection Upgrade;
        }
        location / {
            root /usr/share/nginx/html;
            include /etc/nginx/mime.types;
        }
    }
}
20191231_09_26 - END JOB :
-----------------------------------------------------------------------------

-----------------------------------------------------------------------------
