20191230_21_51 - BEGIN JOB:
-----------------------------------------------------------------------------

-----------------------------------------------------------------------------
#######################
## variables
#######################
PROJECT_DIR=/home/boscp08/Projects/scratch/virtual-insanity
GIT_USER=BoschPeter
GIT_REPO=AZ_ACI_waardepapieren-demo_westeurope_azurecontainer_io
GITHUB_DIR=/home/boscp08/Projects/scratch/virtual-insanity/AZ_ACI_waardepapieren-demo_westeurope_azurecontainer_io
DOCKER_USER=boscp08
COMPOSE_BUILD_FLAG= --build
MOCK_NLX_IMAGE=waardepapieren_mock-nlx
SERVICE_IMAGE=waardepapieren_waardepapieren-service
CLERK_FRONTEND_IMAGE=waardepapieren_clerk-frontend
DOCKERHUB_MOCK_NLX_IMAGE=waardepapieren-mock-nlx
DOCKERHUB_SERVICE_IMAGE=waardepapieren-waardepapieren-service
DOCKERHUB_CLERK_FRONTEND_IMAGE=waardepapieren-clerk-frontend
DOCKER_VERSION_TAG=4.0
AZ_RESOURCE_GROUP=Discipl_Wigo4it_DockerGroup4
AZ_DNSNAMELABEL=discipl
TARGET_HOST=azure_container_instance
AZ_TLD=azurecontainer.io
TIMEZONE=
CERT_HOST_IP=discipl.westeurope.azurecontainer.io
CERT_HOST_IP_WP_SERVICE_HOSTNAME=discipl.westeurope.azurecontainer.io
#######################
## variables
#######################
| 20191230_21_51 | Dockerfile|
| 20191230_21_51 | /home/boscp08/Projects/scratch/virtual-insanity/AZ_ACI_waardepapieren-demo_westeurope_azurecontainer_io/mock-nlx |
<code>
FROM node:10
RUN mkdir /app
ADD index.js package.json package-lock.json /app/
WORKDIR /app
RUN npm install --production
</code>
20191230_21_51 - END JOB :
-----------------------------------------------------------------------------

-----------------------------------------------------------------------------
| 20191230_21_51 | nginx.conf|
| 20191230_21_51 | /home/boscp08/Projects/scratch/virtual-insanity/AZ_ACI_waardepapieren-demo_westeurope_azurecontainer_io/clerk-frontend/nginx |
<code>
events {
    worker_connections  1024;
}

http {

    map $http_upgrade $connection_upgrade {
        default upgrade;
        '' close;
    }

    # Http server to obtain NLX certificate
    server {
        listen 8880;

        location / {
           root /usr/share/nginx/html;
           include /etc/nginx/mime.types;
        }
    }

    server {
        listen 443 ssl;

        ssl_certificate /etc/nginx/certs/org.crt;
        ssl_certificate_key /etc/nginx/certs/org.key;

        location /api/eph/ {
               proxy_pass https://discipl.westeurope.azurecontainer.io:3232/;    #pdf effect
           #     proxy_pass https://waardepapieren-service:3232/;
            #     proxy_pass https://172.19.0.3:3232/;
        }

        location /api/eph-ws {
           
              proxy_pass https://discipl.westeurope.azurecontainer.io:3232;   # pdf effect
             #  proxy_pass https://waardepapieren-service:3232;
            #  proxy_pass https://172.19.0.3:3232;
            proxy_http_version 1.1;
            proxy_set_header Upgrade $http_upgrade;
            proxy_set_header Connection Upgrade;
        }
        location / {
            root /usr/share/nginx/html;
            include /etc/nginx/mime.types;
        }
    }
}
</code>
20191230_21_54 - END JOB :
-----------------------------------------------------------------------------

-----------------------------------------------------------------------------
