20191231_11_28 - BEGIN JOB:
-----------------------------------------------------------------------------

-----------------------------------------------------------------------------
***  Welcome to  docker build  20191231_11_28 
#######################
## variables
#######################
PROJECT_DIR=/Users/boscp08/Projects/scratch/virtual-insanity
GIT_USER=BoschPeter
GIT_REPO=AZ_ACI_waardepapieren-demo_westeurope_azurecontainer_io
GITHUB_DIR=/Users/boscp08/Projects/scratch/virtual-insanity/AZ_ACI_waardepapieren-demo_westeurope_azurecontainer_io
DOCKER_USER=boscp08
COMPOSE_BUILD_FLAG= --build
MOCK_NLX_IMAGE=waardepapieren_mock-nlx
SERVICE_IMAGE=waardepapieren_waardepapieren-service
CLERK_FRONTEND_IMAGE=waardepapieren_clerk-frontend
DOCKERHUB_MOCK_NLX_IMAGE=waardepapieren-mock-nlx
DOCKERHUB_SERVICE_IMAGE=waardepapieren-waardepapieren-service
DOCKERHUB_CLERK_FRONTEND_IMAGE=waardepapieren-clerk-frontend
DOCKER_VERSION_TAG=4.0
AZ_RESOURCE_GROUP=Discipl_Wigo4it_DockerGroup4
AZ_DNSNAMELABEL=discipl
TARGET_HOST=azure_container_instance
AZ_TLD=azurecontainer.io
TIMEZONE=
CERT_HOST_IP=discipl.westeurope.azurecontainer.io
CERT_HOST_IP_WP_SERVICE_HOSTNAME=discipl.westeurope.azurecontainer.io
#######################
## variables
#######################
| 20191231_11_28 | deploy-aci.yaml|
| 20191231_11_28 | /Users/boscp08/Projects/scratch/virtual-insanity/AZ_ACI_waardepapieren-demo_westeurope_azurecontainer_io |
<code>
location: westeurope
name: Discipl_Wigo4it_DockerGroup4
properties:
  containers:
  - name: waardepapieren_mock-nlx
    properties:
      image: boscp08/waardepapieren-mock-nlx:4.0
      resources:
        requests:
          cpu: 1
          memoryInGb: 0.5
      ports:
      - port: 80
  - name: waardepapieren_waardepapieren-service
    properties:
      image: boscp08/waardepapieren-waardepapieren-service:4.0
      resources:
        requests:
          cpu: 1
          memoryInGb: 0.5
      ports:
      - port: 3232
      - port: 3233
  - name: waardepapieren_clerk-frontend
    properties:
      image: boscp08/waardepapieren-clerk-frontend:4.0
      resources:
        requests:
          cpu: 1
          memoryInGb: 0.5
      ports:
      - port: 443
      - port: 8880
  osType: Linux
  ipAddress:
    type: Public
    # fqdn wordt: discipl_waardepapieren.westeurope.azurecontainer.io
    dnsNameLabel: discipl 
    ports:
    - protocol: tcp
      port: '443' 
    - protocol: tcp
      port: '3232' 
    - protocol: tcp
      port: '3233' 
    - protocol: tcp
      port: '80'    
    - protocol: tcp
      port: '8880'      
tags: null
type: Microsoft.ContainerInstance/containerGroups
20191231_11_28 - END JOB :
-----------------------------------------------------------------------------

-----------------------------------------------------------------------------
