20191228_16_18 - BEGIN JOB:
-----------------------------------------------------------------------------
| 20191228_16_17 | Dockerfile|
| 20191228_16_17 | /Users/boscp08/Projects/scratch/virtual-insanity/AZ_ACI_waardepapieren-demo_westeurope_azurecontainer_io/mock-nlx |
<code>
FROM node:10
RUN mkdir /app
ADD index.js package.json package-lock.json /app/
WORKDIR /app
ENV TZ=Europe/Amsterdam
RUN npm install --production
</code>
20191228_16_18 - END JOB :
-----------------------------------------------------------------------------
20191228_16_18 - BEGIN JOB:
-----------------------------------------------------------------------------
| 20191228_16_17 | Dockerfile|
| 20191228_16_17 | /Users/boscp08/Projects/scratch/virtual-insanity/AZ_ACI_waardepapieren-demo_westeurope_azurecontainer_io/mock-nlx |
<code>
FROM node:10
RUN mkdir /app
ADD index.js package.json package-lock.json /app/
WORKDIR /app
ENV TZ=Europe/Amsterdam
RUN npm install --production
</code>
20191228_16_18 - END JOB :
-----------------------------------------------------------------------------
